<?xml version="1.0" encoding="UTF-8"?>
<!-- Generated by org.testng.reporters.JUnitXMLReporter -->
<testsuite ignored="0" hostname="DESKTOP-C4LLSCE" failures="1" tests="2" name="Test" time="18.695" errors="0" timestamp="2024-03-06T15:29:38 IST">
  <testcase classname="com.WhatAChart.TestCases.LoginTest" name="TC_LOGIN_001" time="7.05"/>
  <testcase classname="com.WhatAChart.TestCases.LoginTest" name="TC_LOGIN_002" time="3.32">
    <failure type="junit.framework.ComparisonFailure" message="expected:&amp;lt;Login&amp;gt; but was:&amp;lt;Home&amp;gt;">
      <![CDATA[junit.framework.ComparisonFailure: expected:<Login> but was:<Home>
at junit.framework.Assert.assertEquals(Assert.java:81)
at junit.framework.Assert.assertEquals(Assert.java:87)
at com.WhatAChart.TestCases.LoginTest.TC_LOGIN_002(LoginTest.java:68)
at java.base/java.util.ArrayList.forEach(ArrayList.java:1596)
... Removed 25 stack frames]]>
    </failure>
  </testcase> <!-- TC_LOGIN_002 -->
</testsuite> <!-- Test -->
